<?xml version="1.0" encoding="UTF-8"?>
<testsuite xmlns:xsi="http://www.w3.org/2001/XMLSchema-instance" xsi:noNamespaceSchemaLocation="https://maven.apache.org/surefire/maven-surefire-plugin/xsd/surefire-test-report.xsd" version="3.0.2" name="com.devsite.adventure_works.AdventureWorksApplicationTests" time="14.59" tests="1" errors="0" skipped="0" failures="0">
  <properties>
[...]
</properties>
  <testcase name="contextLoads" classname="com.devsite.adventure_works.AdventureWorksApplicationTests" time="1.189">
    <system-out><![CDATA[14:27:06.524 [main] INFO org.springframework.test.context.support.AnnotationConfigContextLoaderUtils -- Could not detect default configuration classes for test class [com.devsite.adventure_works.AdventureWorksApplicationTests]: AdventureWorksApplicationTests does not declare any static, non-private, non-final, nested classes annotated with @Configuration.
14:27:06.833 [main] INFO org.springframework.boot.test.context.SpringBootTestContextBootstrapper -- Found @SpringBootConfiguration com.devsite.adventure_works.AdventureWorksApplication for test class com.devsite.adventure_works.AdventureWorksApplicationTests

  .   ____          _            __ _ _
 /\\ / ___'_ __ _ _(_)_ __  __ _ \ \ \ \
( ( )\___ | '_ | '_| | '_ \/ _` | \ \ \ \
 \\/  ___)| |_)| | | | | || (_| |  ) ) ) )
  '  |____| .__|_| |_|_| |_\__, | / / / /
 =========|_|==============|___/=/_/_/_/

 :: Spring Boot ::                (v3.5.4)

2025-09-13T14:27:08.081-06:00  INFO 18252 --- [adventure_works] [           main] c.d.a.AdventureWorksApplicationTests     : Starting AdventureWorksApplicationTests using Java 21.0.7 with PID 18252 (started by Alejo in C:\Users\alexi\Downloads\Spring Boot\adventure_works)
2025-09-13T14:27:08.082-06:00  INFO 18252 --- [adventure_works] [           main] c.d.a.AdventureWorksApplicationTests     : No active profile set, falling back to 1 default profile: "default"
2025-09-13T14:27:10.138-06:00  INFO 18252 --- [adventure_works] [           main] .s.d.r.c.RepositoryConfigurationDelegate : Bootstrapping Spring Data JPA repositories in DEFAULT mode.
2025-09-13T14:27:10.194-06:00  INFO 18252 --- [adventure_works] [           main] .s.d.r.c.RepositoryConfigurationDelegate : Finished Spring Data repository scanning in 26 ms. Found 0 JPA repository interfaces.
2025-09-13T14:27:12.557-06:00  INFO 18252 --- [adventure_works] [           main] o.hibernate.jpa.internal.util.LogHelper  : HHH000204: Processing PersistenceUnitInfo [name: default]
2025-09-13T14:27:12.747-06:00  INFO 18252 --- [adventure_works] [           main] org.hibernate.Version                    : HHH000412: Hibernate ORM core version 6.6.22.Final
2025-09-13T14:27:12.981-06:00  INFO 18252 --- [adventure_works] [           main] o.h.c.internal.RegionFactoryInitiator    : HHH000026: Second-level cache disabled
2025-09-13T14:27:14.343-06:00  INFO 18252 --- [adventure_works] [           main] o.s.o.j.p.SpringPersistenceUnitInfo      : No LoadTimeWeaver setup: ignoring JPA class transformer
2025-09-13T14:27:14.459-06:00  INFO 18252 --- [adventure_works] [           main] com.zaxxer.hikari.HikariDataSource       : HikariPool-1 - Starting...
2025-09-13T14:27:16.509-06:00  INFO 18252 --- [adventure_works] [           main] com.zaxxer.hikari.pool.HikariPool        : HikariPool-1 - Added connection ConnectionID:1 ClientConnectionId: ae0a1e40-9247-4766-8e42-762cc43ec164
2025-09-13T14:27:16.509-06:00  INFO 18252 --- [adventure_works] [           main] com.zaxxer.hikari.HikariDataSource       : HikariPool-1 - Start completed.
2025-09-13T14:27:16.682-06:00  WARN 18252 --- [adventure_works] [onnection-adder] c.m.s.j.internals.SQLServerConnection    : ConnectionID:2 ClientConnectionId: 80eb6863-4e15-479a-ba31-9b62d314e357 Prelogin error: host localhost port 1434 Error reading prelogin response: Connection reset ClientConnectionId:80eb6863-4e15-479a-ba31-9b62d314e357
2025-09-13T14:27:16.687-06:00  WARN 18252 --- [adventure_works] [onnection-adder] c.m.s.j.internals.SQLServerConnection    : ConnectionID:2 ClientConnectionId: 37c326cb-b31d-4047-b29e-d7fb1f233539 Prelogin error: host localhost port 1434 Error reading prelogin response: Connection reset ClientConnectionId:37c326cb-b31d-4047-b29e-d7fb1f233539
2025-09-13T14:27:16.723-06:00  WARN 18252 --- [adventure_works] [onnection-adder] c.m.s.j.internals.SQLServerConnection    : ConnectionID:3 ClientConnectionId: 4ecf1652-0495-45aa-86fd-11afedae04b8 Prelogin error: host localhost port 1434 Error reading prelogin response: Connection reset ClientConnectionId:4ecf1652-0495-45aa-86fd-11afedae04b8
2025-09-13T14:27:16.734-06:00  WARN 18252 --- [adventure_works] [onnection-adder] c.m.s.j.internals.SQLServerConnection    : ConnectionID:3 ClientConnectionId: 32499def-8e48-4256-bfc6-4c35235eff30 Prelogin error: host localhost port 1434 Error reading prelogin response: Connection reset ClientConnectionId:32499def-8e48-4256-bfc6-4c35235eff30
2025-09-13T14:27:16.769-06:00  WARN 18252 --- [adventure_works] [onnection-adder] c.m.s.j.internals.SQLServerConnection    : ConnectionID:4 ClientConnectionId: 073905d0-5d30-4046-8634-6f8625051215 Prelogin error: host localhost port 1434 Error reading prelogin response: Connection reset ClientConnectionId:073905d0-5d30-4046-8634-6f8625051215
2025-09-13T14:27:16.773-06:00  WARN 18252 --- [adventure_works] [onnection-adder] c.m.s.j.internals.SQLServerConnection    : ConnectionID:4 ClientConnectionId: c49f553c-981e-4a8b-96cf-340906ebfa91 Prelogin error: host localhost port 1434 Error reading prelogin response: Connection reset ClientConnectionId:c49f553c-981e-4a8b-96cf-340906ebfa91
2025-09-13T14:27:16.797-06:00  WARN 18252 --- [adventure_works] [           main] org.hibernate.orm.deprecation            : HHH90000025: SQLServerDialect does not need to be specified explicitly using 'hibernate.dialect' (remove the property setting and it will be selected by default)
2025-09-13T14:27:16.822-06:00  WARN 18252 --- [adventure_works] [onnection-adder] c.m.s.j.internals.SQLServerConnection    : ConnectionID:5 ClientConnectionId: 782d2fe8-75e3-4908-bdc9-27e43831168f Prelogin error: host localhost port 1434 Error reading prelogin response: Connection reset ClientConnectionId:782d2fe8-75e3-4908-bdc9-27e43831168f
2025-09-13T14:27:16.826-06:00  WARN 18252 --- [adventure_works] [onnection-adder] c.m.s.j.internals.SQLServerConnection    : ConnectionID:5 ClientConnectionId: b33eaefd-3350-451e-9ef1-f5c33e49450e Prelogin error: host localhost port 1434 Error reading prelogin response: Connection reset ClientConnectionId:b33eaefd-3350-451e-9ef1-f5c33e49450e
2025-09-13T14:27:16.834-06:00  INFO 18252 --- [adventure_works] [           main] org.hibernate.orm.connections.pooling    : HHH10001005: Database info:
	Database JDBC URL [Connecting through datasource 'HikariDataSource (HikariPool-1)']
	Database driver: undefined/unknown
	Database version: 16.0
	Autocommit mode: undefined/unknown
	Isolation level: undefined/unknown
	Minimum pool size: undefined/unknown
	Maximum pool size: undefined/unknown
2025-09-13T14:27:16.929-06:00  WARN 18252 --- [adventure_works] [onnection-adder] c.m.s.j.internals.SQLServerConnection    : ConnectionID:6 ClientConnectionId: 07c708f7-16ea-4a2d-b71d-85a689bdf5c6 Prelogin error: host localhost port 1434 Error reading prelogin response: Connection reset ClientConnectionId:07c708f7-16ea-4a2d-b71d-85a689bdf5c6
2025-09-13T14:27:16.931-06:00  WARN 18252 --- [adventure_works] [onnection-adder] c.m.s.j.internals.SQLServerConnection    : ConnectionID:6 ClientConnectionId: 1d84514d-6e86-459d-b43c-c52de44dc0c8 Prelogin error: host localhost port 1434 Error reading prelogin response: Connection reset ClientConnectionId:1d84514d-6e86-459d-b43c-c52de44dc0c8
2025-09-13T14:27:17.107-06:00  WARN 18252 --- [adventure_works] [onnection-adder] c.m.s.j.internals.SQLServerConnection    : ConnectionID:7 ClientConnectionId: de1e7aec-6116-45da-86b6-0d17ea95f176 Prelogin error: host localhost port 1434 Error reading prelogin response: Connection reset ClientConnectionId:de1e7aec-6116-45da-86b6-0d17ea95f176
2025-09-13T14:27:17.140-06:00  WARN 18252 --- [adventure_works] [onnection-adder] c.m.s.j.internals.SQLServerConnection    : ConnectionID:7 ClientConnectionId: 47bad8ed-fe8d-4ec3-882b-69a4a86aa499 Prelogin error: host localhost port 1434 Error reading prelogin response: Connection reset ClientConnectionId:47bad8ed-fe8d-4ec3-882b-69a4a86aa499
2025-09-13T14:27:17.466-06:00  WARN 18252 --- [adventure_works] [onnection-adder] c.m.s.j.internals.SQLServerConnection    : ConnectionID:8 ClientConnectionId: bc927236-0301-4b98-a7f6-17e4a5cd2197 Prelogin error: host localhost port 1434 Error reading prelogin response: Connection reset ClientConnectionId:bc927236-0301-4b98-a7f6-17e4a5cd2197
2025-09-13T14:27:17.470-06:00  WARN 18252 --- [adventure_works] [onnection-adder] c.m.s.j.internals.SQLServerConnection    : ConnectionID:8 ClientConnectionId: 8f73a9cf-b7b4-45ea-93d9-0b51ddd967a4 Prelogin error: host localhost port 1434 Error reading prelogin response: Connection reset ClientConnectionId:8f73a9cf-b7b4-45ea-93d9-0b51ddd967a4
2025-09-13T14:27:17.774-06:00  INFO 18252 --- [adventure_works] [           main] o.h.e.t.j.p.i.JtaPlatformInitiator       : HHH000489: No JTA platform available (set 'hibernate.transaction.jta.platform' to enable JTA platform integration)
2025-09-13T14:27:17.785-06:00  INFO 18252 --- [adventure_works] [           main] j.LocalContainerEntityManagerFactoryBean : Initialized JPA EntityManagerFactory for persistence unit 'default'
2025-09-13T14:27:18.121-06:00  WARN 18252 --- [adventure_works] [onnection-adder] c.m.s.j.internals.SQLServerConnection    : ConnectionID:9 ClientConnectionId: b3205067-2627-48d4-9b36-af6bd61d1543 Prelogin error: host localhost port 1434 Error reading prelogin response: Connection reset ClientConnectionId:b3205067-2627-48d4-9b36-af6bd61d1543
2025-09-13T14:27:18.123-06:00  WARN 18252 --- [adventure_works] [onnection-adder] c.m.s.j.internals.SQLServerConnection    : ConnectionID:9 ClientConnectionId: 1601a4db-ae2a-4b5b-a6db-1b33bda42f22 Prelogin error: host localhost port 1434 Error reading prelogin response: Connection reset ClientConnectionId:1601a4db-ae2a-4b5b-a6db-1b33bda42f22
2025-09-13T14:27:18.616-06:00  WARN 18252 --- [adventure_works] [           main] JpaBaseConfiguration$JpaWebConfiguration : spring.jpa.open-in-view is enabled by default. Therefore, database queries may be performed during view rendering. Explicitly configure spring.jpa.open-in-view to disable this warning
2025-09-13T14:27:19.425-06:00  WARN 18252 --- [adventure_works] [onnection-adder] c.m.s.j.internals.SQLServerConnection    : ConnectionID:10 ClientConnectionId: 01229aa5-033e-4ae4-a29f-06fbd34db41b Prelogin error: host localhost port 1434 Error reading prelogin response: Connection reset ClientConnectionId:01229aa5-033e-4ae4-a29f-06fbd34db41b
2025-09-13T14:27:19.427-06:00  WARN 18252 --- [adventure_works] [onnection-adder] c.m.s.j.internals.SQLServerConnection    : ConnectionID:10 ClientConnectionId: 454d1377-d3a8-42df-b80c-5ff041ba2747 Prelogin error: host localhost port 1434 Error reading prelogin response: Connection reset ClientConnectionId:454d1377-d3a8-42df-b80c-5ff041ba2747
2025-09-13T14:27:19.603-06:00  INFO 18252 --- [adventure_works] [           main] c.d.a.AdventureWorksApplicationTests     : Started AdventureWorksApplicationTests in 12.227 seconds (process running for 14.795)
]]></system-out>
    <system-err><![CDATA[Mockito is currently self-attaching to enable the inline-mock-maker. This will no longer work in future releases of the JDK. Please add Mockito as an agent to your build as described in Mockito's documentation: https://javadoc.io/doc/org.mockito/mockito-core/latest/org.mockito/org/mockito/Mockito.html#0.3
WARNING: A Java agent has been loaded dynamically (C:\Users\alexi\.m2\repository\net\bytebuddy\byte-buddy-agent\1.17.6\byte-buddy-agent-1.17.6.jar)
WARNING: If a serviceability tool is in use, please run with -XX:+EnableDynamicAgentLoading to hide this warning
WARNING: If a serviceability tool is not in use, please run with -Djdk.instrument.traceUsage for more information
WARNING: Dynamic loading of agents will be disallowed by default in a future release
]]></system-err>
  </testcase>
</testsuite>